<?xml version='1.0'?>
<ns2:test-suite xmlns:ns2='urn:model.allure.qatools.yandex.ru' start='1506960987046' stop='1506960987151'>
    <name>Game is playable as expected While game is active I am able to jump</name>
    <title>Game is playable as expected While game is active I am able to jump</title>
    <test-cases>
        <test-case start='1506960987046' status='passed' stop='1506960987134'>
            <name>I am on the Runicorn homepage</name>
            <title>I am on the Runicorn homepage</title>
            <labels/>
            <parameters>
                <parameter kind='environment-variable' name='capabilities' value='{"maxInstances":5,"browserName":"chrome"}'/>
                <parameter kind='environment-variable' name='spec files' value='["/Users/shannoncode/repo/runicorn/test/cucumber/src/features/runicorn.feature"]'/>
            </parameters>
            <steps>
                <step start='1506960987046' status='passed' stop='1506960987128'>
                    <name>POST /wd/hub/session/bc296ed4ccddd5d58d6d56622902632d/url</name>
                    <title>POST /wd/hub/session/bc296ed4ccddd5d58d6d56622902632d/url</title>
                    <attachments>
                        <attachment title='Request' source='ff356c91-74de-49bc-8941-51ac38f1ca56-attachment.json' type='application/json' size='38'/>
                        <attachment title='Response' source='2c63008b-83a3-44b1-b1d3-8c4859662d40-attachment.json' type='application/json' size='91'/>
                    </attachments>
                    <steps/>
                </step>
            </steps>
            <attachments/>
        </test-case>
        <test-case start='1506960987136' status='passed' stop='1506960987138'>
            <name>I have started the game</name>
            <title>I have started the game</title>
            <labels/>
            <parameters>
                <parameter kind='environment-variable' name='capabilities' value='{"maxInstances":5,"browserName":"chrome"}'/>
                <parameter kind='environment-variable' name='spec files' value='["/Users/shannoncode/repo/runicorn/test/cucumber/src/features/runicorn.feature"]'/>
            </parameters>
            <steps/>
            <attachments/>
        </test-case>
        <test-case start='1506960987142' status='undefined'>
            <name>I press the space ber</name>
            <title>I press the space ber</title>
            <labels/>
            <parameters>
                <parameter kind='environment-variable' name='capabilities' value='{"maxInstances":5,"browserName":"chrome"}'/>
                <parameter kind='environment-variable' name='spec files' value='["/Users/shannoncode/repo/runicorn/test/cucumber/src/features/runicorn.feature"]'/>
            </parameters>
            <steps/>
            <attachments/>
        </test-case>
        <test-case start='1506960987144' status='pending' stop='1506960987144'>
            <name>I press the space ber (undefined step)</name>
            <title>I press the space ber (undefined step)</title>
            <labels/>
            <parameters/>
            <steps/>
            <attachments/>
            <failure>
                <message>Test ignored</message>
                <stack-trace>undefined</stack-trace>
            </failure>
        </test-case>
        <test-case start='1506960987145' status='undefined'>
            <name>My unicorn jumps</name>
            <title>My unicorn jumps</title>
            <labels/>
            <parameters>
                <parameter kind='environment-variable' name='capabilities' value='{"maxInstances":5,"browserName":"chrome"}'/>
                <parameter kind='environment-variable' name='spec files' value='["/Users/shannoncode/repo/runicorn/test/cucumber/src/features/runicorn.feature"]'/>
            </parameters>
            <steps/>
            <attachments/>
        </test-case>
        <test-case start='1506960987146' status='pending' stop='1506960987146'>
            <name>My unicorn jumps (undefined step)</name>
            <title>My unicorn jumps (undefined step)</title>
            <labels/>
            <parameters/>
            <steps/>
            <attachments/>
            <failure>
                <message>Test ignored</message>
                <stack-trace>undefined</stack-trace>
            </failure>
        </test-case>
    </test-cases>
</ns2:test-suite>