<?xml version='1.0'?>
<ns2:test-suite xmlns:ns2='urn:model.allure.qatools.yandex.ru' start='1506960986336' stop='1506960986923'>
    <name>Game is playable as expected Gameplay is started on a new game</name>
    <title>Game is playable as expected Gameplay is started on a new game</title>
    <test-cases>
        <test-case start='1506960986346' status='passed' stop='1506960986825'>
            <name>I am on the Runicorn homepage</name>
            <title>I am on the Runicorn homepage</title>
            <labels/>
            <parameters>
                <parameter kind='environment-variable' name='capabilities' value='{"maxInstances":5,"browserName":"chrome"}'/>
                <parameter kind='environment-variable' name='spec files' value='["/Users/shannoncode/repo/runicorn/test/cucumber/src/features/runicorn.feature"]'/>
            </parameters>
            <steps>
                <step start='1506960986354' status='passed' stop='1506960986813'>
                    <name>POST /wd/hub/session/bc296ed4ccddd5d58d6d56622902632d/url</name>
                    <title>POST /wd/hub/session/bc296ed4ccddd5d58d6d56622902632d/url</title>
                    <attachments>
                        <attachment title='Request' source='1c902d63-1867-44f2-8f66-b4f00f2c3351-attachment.json' type='application/json' size='38'/>
                        <attachment title='Response' source='c1bc15a6-6c10-43dd-b575-bc1dd8067e12-attachment.json' type='application/json' size='91'/>
                    </attachments>
                    <steps/>
                </step>
            </steps>
            <attachments/>
        </test-case>
        <test-case start='1506960986839' status='passed' stop='1506960986848'>
            <name>the start game button is active</name>
            <title>the start game button is active</title>
            <labels/>
            <parameters>
                <parameter kind='environment-variable' name='capabilities' value='{"maxInstances":5,"browserName":"chrome"}'/>
                <parameter kind='environment-variable' name='spec files' value='["/Users/shannoncode/repo/runicorn/test/cucumber/src/features/runicorn.feature"]'/>
            </parameters>
            <steps/>
            <attachments/>
        </test-case>
        <test-case start='1506960986860' status='undefined'>
            <name>the restart button is inactive</name>
            <title>the restart button is inactive</title>
            <labels/>
            <parameters>
                <parameter kind='environment-variable' name='capabilities' value='{"maxInstances":5,"browserName":"chrome"}'/>
                <parameter kind='environment-variable' name='spec files' value='["/Users/shannoncode/repo/runicorn/test/cucumber/src/features/runicorn.feature"]'/>
            </parameters>
            <steps/>
            <attachments/>
        </test-case>
        <test-case start='1506960986873' status='pending' stop='1506960986873'>
            <name>the restart button is inactive (undefined step)</name>
            <title>the restart button is inactive (undefined step)</title>
            <labels/>
            <parameters/>
            <steps/>
            <attachments/>
            <failure>
                <message>Test ignored</message>
                <stack-trace>undefined</stack-trace>
            </failure>
        </test-case>
        <test-case start='1506960986885' status='undefined'>
            <name>I click start game</name>
            <title>I click start game</title>
            <labels/>
            <parameters>
                <parameter kind='environment-variable' name='capabilities' value='{"maxInstances":5,"browserName":"chrome"}'/>
                <parameter kind='environment-variable' name='spec files' value='["/Users/shannoncode/repo/runicorn/test/cucumber/src/features/runicorn.feature"]'/>
            </parameters>
            <steps/>
            <attachments/>
        </test-case>
        <test-case start='1506960986890' status='pending' stop='1506960986890'>
            <name>I click start game (undefined step)</name>
            <title>I click start game (undefined step)</title>
            <labels/>
            <parameters/>
            <steps/>
            <attachments/>
            <failure>
                <message>Test ignored</message>
                <stack-trace>undefined</stack-trace>
            </failure>
        </test-case>
        <test-case start='1506960986908' status='undefined'>
            <name>the game starts</name>
            <title>the game starts</title>
            <labels/>
            <parameters>
                <parameter kind='environment-variable' name='capabilities' value='{"maxInstances":5,"browserName":"chrome"}'/>
                <parameter kind='environment-variable' name='spec files' value='["/Users/shannoncode/repo/runicorn/test/cucumber/src/features/runicorn.feature"]'/>
            </parameters>
            <steps/>
            <attachments/>
        </test-case>
        <test-case start='1506960986921' status='pending' stop='1506960986921'>
            <name>the game starts (undefined step)</name>
            <title>the game starts (undefined step)</title>
            <labels/>
            <parameters/>
            <steps/>
            <attachments/>
            <failure>
                <message>Test ignored</message>
                <stack-trace>undefined</stack-trace>
            </failure>
        </test-case>
    </test-cases>
</ns2:test-suite>