<?xml version="1.0" encoding="UTF-8"?>
<testsuite name="Scenario: I load Runicorn" time="0.3" tests="20" errors="0" skipped="0" failures="0">
  <properties>
[...]
</properties>
  <testcase name="Given I am on the Runicorn homepage" classname="Scenario: Gameplay is started on a new game" time="0.003"/>
  <testcase name="Given the start game button is active" classname="Scenario: Gameplay is started on a new game" time="0"/>
  <testcase name="And the restart button is inactive" classname="Scenario: Gameplay is started on a new game" time="0"/>
  <testcase name="When I click start game" classname="Scenario: Gameplay is started on a new game" time="0"/>
  <testcase name="Then the game starts" classname="Scenario: Gameplay is started on a new game" time="0.001"/>
  <testcase name="Scenario: Gameplay is started on a new game" classname="Scenario: Gameplay is started on a new game" time="0.08"/>
  <testcase name="Given I am on the Runicorn homepage" classname="Scenario: Gameplay is restarted on a finished game" time="0"/>
  <testcase name="Given I have started the game" classname="Scenario: Gameplay is restarted on a finished game" time="0"/>
  <testcase name="And I end the game" classname="Scenario: Gameplay is restarted on a finished game" time="0.001"/>
  <testcase name="When I click restart game" classname="Scenario: Gameplay is restarted on a finished game" time="0"/>
  <testcase name="Then the game starts" classname="Scenario: Gameplay is restarted on a finished game" time="0"/>
  <testcase name="Scenario: Gameplay is restarted on a finished game" classname="Scenario: Gameplay is restarted on a finished game" time="0.072"/>
  <testcase name="Given I am on the Runicorn homepage" classname="Scenario: While game is active I am able to jump" time="0"/>
  <testcase name="Given I have started the game" classname="Scenario: While game is active I am able to jump" time="0"/>
  <testcase name="When I press the space bar" classname="Scenario: While game is active I am able to jump" time="0"/>
  <testcase name="Then My unicorn jumps" classname="Scenario: While game is active I am able to jump" time="0"/>
  <testcase name="Scenario: While game is active I am able to jump" classname="Scenario: While game is active I am able to jump" time="0.063"/>
  <testcase name="Given I load runicorn" classname="Scenario: I load Runicorn" time="0"/>
  <testcase name="Then I am on the runicorn page" classname="Scenario: I load Runicorn" time="0"/>
  <testcase name="Scenario: I load Runicorn" classname="Scenario: I load Runicorn" time="0.08"/>
</testsuite>